<?xml version="1.0" encoding="UTF-8"?>
<!-- Generated by org.testng.reporters.JUnitReportReporter -->
<testsuite hostname="TYSS-Chandana-M" failures="0" tests="5" name="dataprovider.DWS_Register" time="52.345" errors="0" timestamp="2024-03-25T15:13:43 IST" skipped="0">
  <testcase classname="dataprovider.DWS_Register" name="DWS_Register" time="10.181"/>
  <testcase classname="dataprovider.DWS_Register" name="DWS_Register" time="10.784"/>
  <testcase classname="dataprovider.DWS_Register" name="DWS_Register" time="10.815"/>
  <testcase classname="dataprovider.DWS_Register" name="DWS_Register" time="10.305"/>
  <testcase classname="dataprovider.DWS_Register" name="DWS_Register" time="10.260"/>
</testsuite> <!-- dataprovider.DWS_Register -->
