<?xml version="1.0" encoding="UTF-8"?>
<!-- Generated by org.testng.reporters.JUnitReportReporter -->
<testsuite hostname="TYSS-Chandana-M" failures="0" tests="1" name="TestNG_XML.TestScript_03" time="207.462" errors="0" timestamp="2024-03-28T16:38:32 IST" skipped="0">
  <testcase classname="TestNG_XML.TestScript_03" name="FT_01" time="207.462"/>
  <system-out>
    <![CDATA[from before suite
from before test
from before class
from before method
from after method
from after class
from after test
from after suite]]>
  </system-out>
</testsuite> <!-- TestNG_XML.TestScript_03 -->
