<?xml version="1.0" encoding="UTF-8"?>
<!-- Generated by org.testng.reporters.JUnitReportReporter -->
<testsuite hostname="TYSS-Chandana-M" failures="0" tests="3" name="testng_concepts.ToWorkWithThreadPoolSize" time="22.860" errors="0" timestamp="2024-03-18T16:47:54 IST" skipped="0">
  <testcase classname="testng_concepts.ToWorkWithThreadPoolSize" name="demo_02" time="7.413">
    <system-out>
      <![CDATA[hi testng2]]>
    </system-out>
  </testcase> <!-- demo_02 -->
  <testcase classname="testng_concepts.ToWorkWithThreadPoolSize" name="demo_02" time="7.525">
    <system-out>
      <![CDATA[hi testng2]]>
    </system-out>
  </testcase> <!-- demo_02 -->
  <testcase classname="testng_concepts.ToWorkWithThreadPoolSize" name="demo_02" time="7.922">
    <system-out>
      <![CDATA[hi testng2]]>
    </system-out>
  </testcase> <!-- demo_02 -->
  <system-out>
    <![CDATA[hi testng2
hi testng2
hi testng2]]>
  </system-out>
</testsuite> <!-- testng_concepts.ToWorkWithThreadPoolSize -->
