<?xml version="1.0" encoding="UTF-8"?>
<!-- Generated by org.testng.reporters.JUnitReportReporter -->
<testsuite hostname="TYSS-Chandana-M" failures="0" tests="2" name="TestNG_XML.TestScript_01" time="14.681" errors="0" timestamp="2024-03-21T16:56:20 IST" skipped="0">
  <testcase classname="TestNG_XML.TestScript_01" name="functionaltest_02" time="6.215">
    <system-out>
      <![CDATA[test script-01,method-02 started]]>
    </system-out>
  </testcase> <!-- functionaltest_02 -->
  <testcase classname="TestNG_XML.TestScript_01" name="functionaltest_01" time="8.466">
    <system-out>
      <![CDATA[test script-01,method-01 started]]>
    </system-out>
  </testcase> <!-- functionaltest_01 -->
  <system-out>
    <![CDATA[from before suite
from before test
from before class
from before method
test script-02,method-01 started
from after method
from after class
from before class
from before method
test script-01,method-01 started
from after method
from before method
test script-01,method-02 started
from after method
from after class
from after test
from after suite]]>
  </system-out>
</testsuite> <!-- TestNG_XML.TestScript_01 -->
