<?xml version="1.0" encoding="UTF-8"?>
<!-- Generated by org.testng.reporters.JUnitReportReporter -->
<testsuite hostname="TYSS-Chandana-M" failures="0" tests="1" name="scripts_CrossBrowserExecution.ToLaunchApp_04" time="2.379" errors="0" timestamp="2024-03-21T15:14:55 IST" skipped="0">
  <testcase classname="scripts_CrossBrowserExecution.ToLaunchApp_04" name="launch_app" time="2.379"/>
</testsuite> <!-- scripts_CrossBrowserExecution.ToLaunchApp_04 -->
