<?xml version="1.0" encoding="UTF-8"?>
<!-- Generated by org.testng.reporters.JUnitReportReporter -->
<testsuite hostname="TYSS-Chandana-M" failures="0" tests="4" name="testng_concepts.ToWorkWithInvocationCount" time="22.631" errors="0" timestamp="2024-03-18T16:41:09 IST" skipped="0">
  <testcase classname="testng_concepts.ToWorkWithInvocationCount" name="demo_01" time="0.009">
    <system-out>
      <![CDATA[hi testng1]]>
    </system-out>
  </testcase> <!-- demo_01 -->
  <testcase classname="testng_concepts.ToWorkWithInvocationCount" name="demo_02" time="7.095">
    <system-out>
      <![CDATA[hi testng2]]>
    </system-out>
  </testcase> <!-- demo_02 -->
  <testcase classname="testng_concepts.ToWorkWithInvocationCount" name="demo_02" time="8.277">
    <system-out>
      <![CDATA[hi testng2]]>
    </system-out>
  </testcase> <!-- demo_02 -->
  <testcase classname="testng_concepts.ToWorkWithInvocationCount" name="demo_02" time="7.250">
    <system-out>
      <![CDATA[hi testng2]]>
    </system-out>
  </testcase> <!-- demo_02 -->
  <system-out>
    <![CDATA[hi testng1
hi testng2
hi testng2
hi testng2]]>
  </system-out>
</testsuite> <!-- testng_concepts.ToWorkWithInvocationCount -->
