<?xml version="1.0" encoding="UTF-8"?>
<!-- Generated by org.testng.reporters.JUnitReportReporter -->
<testsuite hostname="TYSS-Chandana-M" failures="0" tests="1" name="scripts_Groups.ToLaunchApp_09" time="15.099" errors="0" timestamp="2024-03-20T15:34:10 IST" skipped="0">
  <testcase classname="scripts_Groups.ToLaunchApp_09" name="launch_app" time="15.099"/>
</testsuite> <!-- scripts_Groups.ToLaunchApp_09 -->
