<?xml version="1.0" encoding="UTF-8"?>
<!-- Generated by org.testng.reporters.JUnitReportReporter -->
<testsuite hostname="TYSS-Chandana-M" failures="0" tests="1" name="scripts.ToLaunchApp_02" time="12.574" errors="0" timestamp="2024-03-20T15:10:35 IST" skipped="0">
  <testcase classname="scripts.ToLaunchApp_02" name="launch_app" time="12.574"/>
</testsuite> <!-- scripts.ToLaunchApp_02 -->
