<?xml version="1.0" encoding="UTF-8"?>
<!-- Generated by org.testng.reporters.JUnitReportReporter -->
<testsuite hostname="TYSS-Chandana-M" failures="0" tests="2" name="testng_concepts.ToCheckTestNG" time="0.011" errors="0" timestamp="2024-03-18T16:11:48 IST" skipped="0">
  <testcase classname="testng_concepts.ToCheckTestNG" name="demo_01" time="0.010">
    <system-out>
      <![CDATA[hi testng1
hi testng1]]>
    </system-out>
  </testcase> <!-- demo_01 -->
  <testcase classname="testng_concepts.ToCheckTestNG" name="demo_02" time="0.001">
    <system-out>
      <![CDATA[hi testng2
hi testng2]]>
    </system-out>
  </testcase> <!-- demo_02 -->
  <system-out>
    <![CDATA[hi testng1
hi testng1
hi testng2
hi testng2]]>
  </system-out>
</testsuite> <!-- testng_concepts.ToCheckTestNG -->
