<?xml version="1.0" encoding="UTF-8"?>
<!-- Generated by org.testng.reporters.JUnitReportReporter -->
<testsuite hostname="TYSS-Chandana-M" failures="0" tests="4" name="testng_concepts.ToWorkWithPriority_02" time="0.015" errors="0" timestamp="2024-03-18T16:30:37 IST" skipped="0">
  <testcase classname="testng_concepts.ToWorkWithPriority_02" name="demo_03" time="0.002">
    <system-out>
      <![CDATA[hi testng1
hi testng3]]>
    </system-out>
  </testcase> <!-- demo_03 -->
  <testcase classname="testng_concepts.ToWorkWithPriority_02" name="demo_04" time="0.001">
    <system-out>
      <![CDATA[hi testng1
hi testng4]]>
    </system-out>
  </testcase> <!-- demo_04 -->
  <testcase classname="testng_concepts.ToWorkWithPriority_02" name="demo_01" time="0.010">
    <system-out>
      <![CDATA[hi testng1
hi testng1]]>
    </system-out>
  </testcase> <!-- demo_01 -->
  <testcase classname="testng_concepts.ToWorkWithPriority_02" name="demo_02" time="0.002">
    <system-out>
      <![CDATA[hi testng2
hi testng2]]>
    </system-out>
  </testcase> <!-- demo_02 -->
  <system-out>
    <![CDATA[hi testng1
hi testng1
hi testng1
hi testng3
hi testng1
hi testng4
hi testng2
hi testng2]]>
  </system-out>
</testsuite> <!-- testng_concepts.ToWorkWithPriority_02 -->
