<?xml version="1.0" encoding="UTF-8"?>
<!-- Generated by org.testng.reporters.JUnitReportReporter -->
<testsuite hostname="TYSS-Chandana-M" failures="0" tests="1" name="scripts.ToLaunchApp_04" time="3.848" errors="0" timestamp="2024-03-20T15:10:35 IST" skipped="0">
  <testcase classname="scripts.ToLaunchApp_04" name="launch_app" time="3.848"/>
</testsuite> <!-- scripts.ToLaunchApp_04 -->
